# Compression log
Start time: 2025-05-04T23:12:49.606345
Command: /usr/bin/time -v DP3 steps=[] numthreads=20 msin=ZW3_IFRQ_0750-0900_N.ms msout=ZW3_IFRQ_0750-0900_N_10bit_AF.ms msout.overwrite=true msout.storagemanager='dysco' msout.storagemanager.databitrate=10 msout.storagemanager.normalization=AF

 copying info and subtables ...
Finished preparing output MS
MSReader
  input MS:       /net/node113/data/users/lofareor/mertens/srcnet/uv_compression_test/ZW3_IFRQ_0750-0900_N.ms
  band            0
  startchan:      0  (0)
  nchan:          151  (0)
  ncorrelations:  1
  nbaselines:     38988
  first time:     2021/09/21/14:12:40
  last time:      2021/09/21/18:12:30
  ntimes:         1440
  time interval:  10
  DATA column:    DATA
  WEIGHT column:  WEIGHT_SPECTRUM
  FLAG column:    FLAG
  autoweight:     false
MSWriter msout.
  output MS:      /net/node113/data/users/lofareor/mertens/srcnet/uv_compression_test/ZW3_IFRQ_0750-0900_N_10bit_AF.ms
  nchan:          151
  ncorrelations:  1
  nbaselines:     38988
  ntimes:         1440
  time interval:  10
  DATA column:    DATA
  FLAG column:    FLAG
  WEIGHT column:  WEIGHT_SPECTRUM
  Compressed:     yes
  Data bitrate:   10
  Weight bitrate: 12
  Dysco mode:     AF TruncatedGaussian(2.5)
  use thread:     true
Processing 1440 time slots ...

0%....10....20....30....40....50....60....70....80....90....100%
Finishing processing ...

NaN/infinite data flagged in reader
===================================

Percentage of flagged visibilities detected per correlation:
  [0] out of 8477550720 visibilities   [0%]
0 missing time slots were inserted

Total DP3 time    5646.55 real     45266.4 user      145.58 system
    3.3% (  186  s) MSReader
   96.7% ( 5459  s) MSWriter msout.
     99.8% ( 5445  s) Creating task
    103.4% ( 5644  s) Writing (threaded)
	Command being timed: "DP3 steps=[] numthreads=20 msin=ZW3_IFRQ_0750-0900_N.ms msout=ZW3_IFRQ_0750-0900_N_10bit_AF.ms msout.overwrite=true msout.storagemanager=dysco msout.storagemanager.databitrate=10 msout.storagemanager.normalization=AF"
	User time (seconds): 45510.12
	System time (seconds): 146.19
	Percent of CPU this job got: 801%
	Elapsed (wall clock) time (h:mm:ss or m:ss): 1:34:53
	Average shared text size (kbytes): 0
	Average unshared data size (kbytes): 0
	Average stack size (kbytes): 0
	Average total size (kbytes): 0
	Maximum resident set size (kbytes): 3026524
	Average resident set size (kbytes): 0
	Major (requiring I/O) page faults: 2405
	Minor (reclaiming a frame) page faults: 49392938
	Voluntary context switches: 232882
	Involuntary context switches: 44177
	Swaps: 0
	File system inputs: 82446384
	File system outputs: 73428992
	Socket messages sent: 0
	Socket messages received: 0
	Signals delivered: 0
	Page size (bytes): 4096
	Exit status: 0

End time: 2025-05-05T00:47:43.360580
Duration: 1:34:53.754235
Exit code: 0
