# Compression log
Start time: 2025-05-04T03:44:38.619320
Command: /usr/bin/time -v DP3 steps=[] numthreads=20 msin=/net/node113/data/users/lofareor/mertens/srcnet/uv_compression_test/ZW3_IFRQ_0750-0900.ms msout=/net/node113/data/users/lofareor/mertens/srcnet/uv_compression_test/ZW3_IFRQ_0750-0900_12bit_RF.ms msout.overwrite=true msout.storagemanager='dysco' msout.storagemanager.databitrate=12 msout.storagemanager.normalization=RF

 copying info and subtables ...
Finished preparing output MS
MSReader
  input MS:       /net/node113/data/users/lofareor/mertens/srcnet/uv_compression_test/ZW3_IFRQ_0750-0900.ms
  band            0
  startchan:      0  (0)
  nchan:          151  (0)
  ncorrelations:  1
  nbaselines:     38988
  first time:     2021/09/21/14:12:40
  last time:      2021/09/21/18:12:30
  ntimes:         1440
  time interval:  10
  DATA column:    DATA
  WEIGHT column:  WEIGHT_SPECTRUM
  FLAG column:    FLAG
  autoweight:     false
MSWriter msout.
  output MS:      /net/node113/data/users/lofareor/mertens/srcnet/uv_compression_test/ZW3_IFRQ_0750-0900_12bit_RF.ms
  nchan:          151
  ncorrelations:  1
  nbaselines:     38988
  ntimes:         1440
  time interval:  10
  DATA column:    DATA
  FLAG column:    FLAG
  WEIGHT column:  WEIGHT_SPECTRUM
  Compressed:     yes
  Data bitrate:   12
  Weight bitrate: 12
  Dysco mode:     RF TruncatedGaussian(2.5)
  use thread:     true
Processing 1440 time slots ...

0%....10....20....30....40....50....60....70....80....90....100%
Finishing processing ...

NaN/infinite data flagged in reader
===================================

Percentage of flagged visibilities detected per correlation:
  [0] out of 8477550720 visibilities   [0%]
0 missing time slots were inserted

Total DP3 time     326.84 real     2711.06 user       95.81 system
   81.4% (  265  s) MSReader
   18.4% (   60  s) MSWriter msout.
     98.1% (   59  s) Creating task
    471.2% (  283  s) Writing (threaded)
	Command being timed: "DP3 steps=[] numthreads=20 msin=/net/node113/data/users/lofareor/mertens/srcnet/uv_compression_test/ZW3_IFRQ_0750-0900.ms msout=/net/node113/data/users/lofareor/mertens/srcnet/uv_compression_test/ZW3_IFRQ_0750-0900_12bit_RF.ms msout.overwrite=true msout.storagemanager=dysco msout.storagemanager.databitrate=12 msout.storagemanager.normalization=RF"
	User time (seconds): 2723.53
	System time (seconds): 96.34
	Percent of CPU this job got: 851%
	Elapsed (wall clock) time (h:mm:ss or m:ss): 5:31.26
	Average shared text size (kbytes): 0
	Average unshared data size (kbytes): 0
	Average stack size (kbytes): 0
	Average total size (kbytes): 0
	Maximum resident set size (kbytes): 3038976
	Average resident set size (kbytes): 0
	Major (requiring I/O) page faults: 541
	Minor (reclaiming a frame) page faults: 17784098
	Voluntary context switches: 954216
	Involuntary context switches: 6647
	Swaps: 0
	File system inputs: 189397560
	File system outputs: 81432848
	Socket messages sent: 0
	Socket messages received: 0
	Signals delivered: 0
	Page size (bytes): 4096
	Exit status: 0

End time: 2025-05-04T03:50:09.906585
Duration: 0:05:31.287265
Exit code: 0
