# Compression log
Start time: 2025-05-03T23:31:58.237876
Command: /usr/bin/time -v DP3 steps=[] numthreads=20 msin=/net/node113/data/users/lofareor/mertens/srcnet/uv_compression_test/ZW3_IFRQ_0750-0900.ms msout=/net/node113/data/users/lofareor/mertens/srcnet/uv_compression_test/ZW3_IFRQ_0750-0900_10bit_RF.ms msout.overwrite=true msout.storagemanager='dysco' msout.storagemanager.databitrate=10 msout.storagemanager.normalization=RF

 copying info and subtables ...
Finished preparing output MS
MSReader
  input MS:       /net/node113/data/users/lofareor/mertens/srcnet/uv_compression_test/ZW3_IFRQ_0750-0900.ms
  band            0
  startchan:      0  (0)
  nchan:          151  (0)
  ncorrelations:  1
  nbaselines:     38988
  first time:     2021/09/21/14:12:40
  last time:      2021/09/21/18:12:30
  ntimes:         1440
  time interval:  10
  DATA column:    DATA
  WEIGHT column:  WEIGHT_SPECTRUM
  FLAG column:    FLAG
  autoweight:     false
MSWriter msout.
  output MS:      /net/node113/data/users/lofareor/mertens/srcnet/uv_compression_test/ZW3_IFRQ_0750-0900_10bit_RF.ms
  nchan:          151
  ncorrelations:  1
  nbaselines:     38988
  ntimes:         1440
  time interval:  10
  DATA column:    DATA
  FLAG column:    FLAG
  WEIGHT column:  WEIGHT_SPECTRUM
  Compressed:     yes
  Data bitrate:   10
  Weight bitrate: 12
  Dysco mode:     RF TruncatedGaussian(2.5)
  use thread:     true
Processing 1440 time slots ...

0%....10....20....30....40....50....60....70....80....90....100%
Finishing processing ...

NaN/infinite data flagged in reader
===================================

Percentage of flagged visibilities detected per correlation:
  [0] out of 8477550720 visibilities   [0%]
0 missing time slots were inserted

Total DP3 time      292.2 real     2501.88 user       83.14 system
   84.8% (  247  s) MSReader
   15.1% (   44  s) MSWriter msout.
     99.0% (   43  s) Creating task
    586.2% (  258  s) Writing (threaded)
	Command being timed: "DP3 steps=[] numthreads=20 msin=/net/node113/data/users/lofareor/mertens/srcnet/uv_compression_test/ZW3_IFRQ_0750-0900.ms msout=/net/node113/data/users/lofareor/mertens/srcnet/uv_compression_test/ZW3_IFRQ_0750-0900_10bit_RF.ms msout.overwrite=true msout.storagemanager=dysco msout.storagemanager.databitrate=10 msout.storagemanager.normalization=RF"
	User time (seconds): 2511.68
	System time (seconds): 83.54
	Percent of CPU this job got: 878%
	Elapsed (wall clock) time (h:mm:ss or m:ss): 4:55.28
	Average shared text size (kbytes): 0
	Average unshared data size (kbytes): 0
	Average stack size (kbytes): 0
	Average total size (kbytes): 0
	Maximum resident set size (kbytes): 3004668
	Average resident set size (kbytes): 0
	Major (requiring I/O) page faults: 529
	Minor (reclaiming a frame) page faults: 11172151
	Voluntary context switches: 853742
	Involuntary context switches: 6249
	Swaps: 0
	File system inputs: 190505352
	File system outputs: 73153848
	Socket messages sent: 0
	Socket messages received: 0
	Signals delivered: 0
	Page size (bytes): 4096
	Exit status: 0

End time: 2025-05-03T23:36:53.525561
Duration: 0:04:55.287685
Exit code: 0
