# Compression log
Start time: 2025-05-04T23:07:34.397575
Command: /usr/bin/time -v DP3 steps=[] numthreads=20 msin=ZW3_IFRQ_0750-0900_N.ms msout=ZW3_IFRQ_0750-0900_N_10bit_RF.ms msout.overwrite=true msout.storagemanager='dysco' msout.storagemanager.databitrate=10 msout.storagemanager.normalization=RF

 copying info and subtables ...
Finished preparing output MS
MSReader
  input MS:       /net/node113/data/users/lofareor/mertens/srcnet/uv_compression_test/ZW3_IFRQ_0750-0900_N.ms
  band            0
  startchan:      0  (0)
  nchan:          151  (0)
  ncorrelations:  1
  nbaselines:     38988
  first time:     2021/09/21/14:12:40
  last time:      2021/09/21/18:12:30
  ntimes:         1440
  time interval:  10
  DATA column:    DATA
  WEIGHT column:  WEIGHT_SPECTRUM
  FLAG column:    FLAG
  autoweight:     false
MSWriter msout.
  output MS:      /net/node113/data/users/lofareor/mertens/srcnet/uv_compression_test/ZW3_IFRQ_0750-0900_N_10bit_RF.ms
  nchan:          151
  ncorrelations:  1
  nbaselines:     38988
  ntimes:         1440
  time interval:  10
  DATA column:    DATA
  FLAG column:    FLAG
  WEIGHT column:  WEIGHT_SPECTRUM
  Compressed:     yes
  Data bitrate:   10
  Weight bitrate: 12
  Dysco mode:     RF TruncatedGaussian(2.5)
  use thread:     true
Processing 1440 time slots ...

0%....10....20....30....40....50....60....70....80....90....100%
Finishing processing ...

NaN/infinite data flagged in reader
===================================

Percentage of flagged visibilities detected per correlation:
  [0] out of 8477550720 visibilities   [0%]
0 missing time slots were inserted

Total DP3 time     312.09 real     2607.72 user       71.75 system
   55.6% (  173  s) MSReader
   44.3% (  138  s) MSWriter msout.
     98.2% (  135  s) Creating task
    201.6% (  278  s) Writing (threaded)
	Command being timed: "DP3 steps=[] numthreads=20 msin=ZW3_IFRQ_0750-0900_N.ms msout=ZW3_IFRQ_0750-0900_N_10bit_RF.ms msout.overwrite=true msout.storagemanager=dysco msout.storagemanager.databitrate=10 msout.storagemanager.normalization=RF"
	User time (seconds): 2617.53
	System time (seconds): 72.22
	Percent of CPU this job got: 853%
	Elapsed (wall clock) time (h:mm:ss or m:ss): 5:15.11
	Average shared text size (kbytes): 0
	Average unshared data size (kbytes): 0
	Average stack size (kbytes): 0
	Average total size (kbytes): 0
	Maximum resident set size (kbytes): 3026192
	Average resident set size (kbytes): 0
	Major (requiring I/O) page faults: 530
	Minor (reclaiming a frame) page faults: 12403499
	Voluntary context switches: 803121
	Involuntary context switches: 6560
	Swaps: 0
	File system inputs: 52861272
	File system outputs: 73153800
	Socket messages sent: 0
	Socket messages received: 0
	Signals delivered: 0
	Page size (bytes): 4096
	Exit status: 0

End time: 2025-05-04T23:12:49.511504
Duration: 0:05:15.113929
Exit code: 0
